Generated at 2017-04-23 14:29:10 +0800
Docker::Error::TimeoutError: docker_container[bootproxy] (webserver::default line 251) had an error: Docker::Error::TimeoutError: Container bootproxy failed to change to running state after 20 seconds
/root/bootdev/chef/chef-repo/chef-solo/cookbooks/docker/libraries/helpers_container.rb:77:in `wait_running_state'
/root/bootdev/chef/chef-repo/chef-solo/cookbooks/docker/libraries/docker_container.rb:332:in `block (2 levels) in <class:DockerContainer>'
/opt/chef/embedded/lib/ruby/gems/2.3.0/gems/chef-12.17.44/lib/chef/mixin/why_run.rb:52:in `add_action'
/opt/chef/embedded/lib/ruby/gems/2.3.0/gems/chef-12.17.44/lib/chef/provider.rb:176:in `converge_by'
/root/bootdev/chef/chef-repo/chef-solo/cookbooks/docker/libraries/docker_container.rb:327:in `block in <class:DockerContainer>'
(eval):2:in `block in action_start'
/opt/chef/embedded/lib/ruby/gems/2.3.0/gems/chef-12.17.44/lib/chef/provider.rb:361:in `instance_eval'
/opt/chef/embedded/lib/ruby/gems/2.3.0/gems/chef-12.17.44/lib/chef/provider.rb:361:in `compile_and_converge_action'
(eval):2:in `action_start'
/root/bootdev/chef/chef-repo/chef-solo/cookbooks/docker/libraries/docker_container.rb:169:in `call_action'
/root/bootdev/chef/chef-repo/chef-solo/cookbooks/docker/libraries/docker_container.rb:361:in `block in <class:DockerContainer>'
(eval):2:in `block in action_run'
/opt/chef/embedded/lib/ruby/gems/2.3.0/gems/chef-12.17.44/lib/chef/provider.rb:361:in `instance_eval'
/opt/chef/embedded/lib/ruby/gems/2.3.0/gems/chef-12.17.44/lib/chef/provider.rb:361:in `compile_and_converge_action'
(eval):2:in `action_run'
/opt/chef/embedded/lib/ruby/gems/2.3.0/gems/chef-12.17.44/lib/chef/provider.rb:145:in `run_action'
/opt/chef/embedded/lib/ruby/gems/2.3.0/gems/chef-12.17.44/lib/chef/resource.rb:622:in `run_action'
/opt/chef/embedded/lib/ruby/gems/2.3.0/gems/chef-12.17.44/lib/chef/runner.rb:69:in `run_action'
/opt/chef/embedded/lib/ruby/gems/2.3.0/gems/chef-12.17.44/lib/chef/runner.rb:97:in `block (2 levels) in converge'
/opt/chef/embedded/lib/ruby/gems/2.3.0/gems/chef-12.17.44/lib/chef/runner.rb:97:in `each'
/opt/chef/embedded/lib/ruby/gems/2.3.0/gems/chef-12.17.44/lib/chef/runner.rb:97:in `block in converge'
/opt/chef/embedded/lib/ruby/gems/2.3.0/gems/chef-12.17.44/lib/chef/resource_collection/resource_list.rb:94:in `block in execute_each_resource'
/opt/chef/embedded/lib/ruby/gems/2.3.0/gems/chef-12.17.44/lib/chef/resource_collection/stepable_iterator.rb:114:in `call_iterator_block'
/opt/chef/embedded/lib/ruby/gems/2.3.0/gems/chef-12.17.44/lib/chef/resource_collection/stepable_iterator.rb:85:in `step'
/opt/chef/embedded/lib/ruby/gems/2.3.0/gems/chef-12.17.44/lib/chef/resource_collection/stepable_iterator.rb:103:in `iterate'
/opt/chef/embedded/lib/ruby/gems/2.3.0/gems/chef-12.17.44/lib/chef/resource_collection/stepable_iterator.rb:55:in `each_with_index'
/opt/chef/embedded/lib/ruby/gems/2.3.0/gems/chef-12.17.44/lib/chef/resource_collection/resource_list.rb:92:in `execute_each_resource'
/opt/chef/embedded/lib/ruby/gems/2.3.0/gems/chef-12.17.44/lib/chef/runner.rb:96:in `converge'
/opt/chef/embedded/lib/ruby/gems/2.3.0/gems/chef-12.17.44/lib/chef/client.rb:670:in `block in converge'
/opt/chef/embedded/lib/ruby/gems/2.3.0/gems/chef-12.17.44/lib/chef/client.rb:665:in `catch'
/opt/chef/embedded/lib/ruby/gems/2.3.0/gems/chef-12.17.44/lib/chef/client.rb:665:in `converge'
/opt/chef/embedded/lib/ruby/gems/2.3.0/gems/chef-12.17.44/lib/chef/client.rb:704:in `converge_and_save'
/opt/chef/embedded/lib/ruby/gems/2.3.0/gems/chef-12.17.44/lib/chef/client.rb:284:in `run'
/opt/chef/embedded/lib/ruby/gems/2.3.0/gems/chef-12.17.44/lib/chef/application.rb:294:in `block in fork_chef_client'
/opt/chef/embedded/lib/ruby/gems/2.3.0/gems/chef-12.17.44/lib/chef/application.rb:282:in `fork'
/opt/chef/embedded/lib/ruby/gems/2.3.0/gems/chef-12.17.44/lib/chef/application.rb:282:in `fork_chef_client'
/opt/chef/embedded/lib/ruby/gems/2.3.0/gems/chef-12.17.44/lib/chef/application.rb:247:in `block in run_chef_client'
/opt/chef/embedded/lib/ruby/gems/2.3.0/gems/chef-12.17.44/lib/chef/local_mode.rb:44:in `with_server_connectivity'
/opt/chef/embedded/lib/ruby/gems/2.3.0/gems/chef-12.17.44/lib/chef/application.rb:235:in `run_chef_client'
/opt/chef/embedded/lib/ruby/gems/2.3.0/gems/chef-12.17.44/lib/chef/application/client.rb:464:in `sleep_then_run_chef_client'
/opt/chef/embedded/lib/ruby/gems/2.3.0/gems/chef-12.17.44/lib/chef/application/client.rb:451:in `block in interval_run_chef_client'
/opt/chef/embedded/lib/ruby/gems/2.3.0/gems/chef-12.17.44/lib/chef/application/client.rb:450:in `loop'
/opt/chef/embedded/lib/ruby/gems/2.3.0/gems/chef-12.17.44/lib/chef/application/client.rb:450:in `interval_run_chef_client'
/opt/chef/embedded/lib/ruby/gems/2.3.0/gems/chef-12.17.44/lib/chef/application/client.rb:434:in `run_application'
/opt/chef/embedded/lib/ruby/gems/2.3.0/gems/chef-12.17.44/lib/chef/application.rb:59:in `run'
/opt/chef/embedded/lib/ruby/gems/2.3.0/gems/chef-12.17.44/lib/chef/application/solo.rb:226:in `run'
/opt/chef/embedded/lib/ruby/gems/2.3.0/gems/chef-12.17.44/bin/chef-solo:25:in `<top (required)>'
/usr/bin/chef-solo:57:in `load'
/usr/bin/chef-solo:57:in `<main>'

>>>> Caused by Docker::Error::TimeoutError: Container bootproxy failed to change to running state after 20 seconds
/root/bootdev/chef/chef-repo/chef-solo/cookbooks/docker/libraries/helpers_container.rb:77:in `wait_running_state'
/root/bootdev/chef/chef-repo/chef-solo/cookbooks/docker/libraries/docker_container.rb:332:in `block (2 levels) in <class:DockerContainer>'
/opt/chef/embedded/lib/ruby/gems/2.3.0/gems/chef-12.17.44/lib/chef/mixin/why_run.rb:52:in `add_action'
/opt/chef/embedded/lib/ruby/gems/2.3.0/gems/chef-12.17.44/lib/chef/provider.rb:176:in `converge_by'
/root/bootdev/chef/chef-repo/chef-solo/cookbooks/docker/libraries/docker_container.rb:327:in `block in <class:DockerContainer>'
(eval):2:in `block in action_start'
/opt/chef/embedded/lib/ruby/gems/2.3.0/gems/chef-12.17.44/lib/chef/provider.rb:361:in `instance_eval'
/opt/chef/embedded/lib/ruby/gems/2.3.0/gems/chef-12.17.44/lib/chef/provider.rb:361:in `compile_and_converge_action'
(eval):2:in `action_start'
/root/bootdev/chef/chef-repo/chef-solo/cookbooks/docker/libraries/docker_container.rb:169:in `call_action'
/root/bootdev/chef/chef-repo/chef-solo/cookbooks/docker/libraries/docker_container.rb:361:in `block in <class:DockerContainer>'
(eval):2:in `block in action_run'
/opt/chef/embedded/lib/ruby/gems/2.3.0/gems/chef-12.17.44/lib/chef/provider.rb:361:in `instance_eval'
/opt/chef/embedded/lib/ruby/gems/2.3.0/gems/chef-12.17.44/lib/chef/provider.rb:361:in `compile_and_converge_action'
(eval):2:in `action_run'
/opt/chef/embedded/lib/ruby/gems/2.3.0/gems/chef-12.17.44/lib/chef/provider.rb:145:in `run_action'
/opt/chef/embedded/lib/ruby/gems/2.3.0/gems/chef-12.17.44/lib/chef/resource.rb:622:in `run_action'
/opt/chef/embedded/lib/ruby/gems/2.3.0/gems/chef-12.17.44/lib/chef/runner.rb:69:in `run_action'
/opt/chef/embedded/lib/ruby/gems/2.3.0/gems/chef-12.17.44/lib/chef/runner.rb:97:in `block (2 levels) in converge'
/opt/chef/embedded/lib/ruby/gems/2.3.0/gems/chef-12.17.44/lib/chef/runner.rb:97:in `each'
/opt/chef/embedded/lib/ruby/gems/2.3.0/gems/chef-12.17.44/lib/chef/runner.rb:97:in `block in converge'
/opt/chef/embedded/lib/ruby/gems/2.3.0/gems/chef-12.17.44/lib/chef/resource_collection/resource_list.rb:94:in `block in execute_each_resource'
/opt/chef/embedded/lib/ruby/gems/2.3.0/gems/chef-12.17.44/lib/chef/resource_collection/stepable_iterator.rb:114:in `call_iterator_block'
/opt/chef/embedded/lib/ruby/gems/2.3.0/gems/chef-12.17.44/lib/chef/resource_collection/stepable_iterator.rb:85:in `step'
/opt/chef/embedded/lib/ruby/gems/2.3.0/gems/chef-12.17.44/lib/chef/resource_collection/stepable_iterator.rb:103:in `iterate'
/opt/chef/embedded/lib/ruby/gems/2.3.0/gems/chef-12.17.44/lib/chef/resource_collection/stepable_iterator.rb:55:in `each_with_index'
/opt/chef/embedded/lib/ruby/gems/2.3.0/gems/chef-12.17.44/lib/chef/resource_collection/resource_list.rb:92:in `execute_each_resource'
/opt/chef/embedded/lib/ruby/gems/2.3.0/gems/chef-12.17.44/lib/chef/runner.rb:96:in `converge'
/opt/chef/embedded/lib/ruby/gems/2.3.0/gems/chef-12.17.44/lib/chef/client.rb:670:in `block in converge'
/opt/chef/embedded/lib/ruby/gems/2.3.0/gems/chef-12.17.44/lib/chef/client.rb:665:in `catch'
/opt/chef/embedded/lib/ruby/gems/2.3.0/gems/chef-12.17.44/lib/chef/client.rb:665:in `converge'
/opt/chef/embedded/lib/ruby/gems/2.3.0/gems/chef-12.17.44/lib/chef/client.rb:704:in `converge_and_save'
/opt/chef/embedded/lib/ruby/gems/2.3.0/gems/chef-12.17.44/lib/chef/client.rb:284:in `run'
/opt/chef/embedded/lib/ruby/gems/2.3.0/gems/chef-12.17.44/lib/chef/application.rb:294:in `block in fork_chef_client'
/opt/chef/embedded/lib/ruby/gems/2.3.0/gems/chef-12.17.44/lib/chef/application.rb:282:in `fork'
/opt/chef/embedded/lib/ruby/gems/2.3.0/gems/chef-12.17.44/lib/chef/application.rb:282:in `fork_chef_client'
/opt/chef/embedded/lib/ruby/gems/2.3.0/gems/chef-12.17.44/lib/chef/application.rb:247:in `block in run_chef_client'
/opt/chef/embedded/lib/ruby/gems/2.3.0/gems/chef-12.17.44/lib/chef/local_mode.rb:44:in `with_server_connectivity'
/opt/chef/embedded/lib/ruby/gems/2.3.0/gems/chef-12.17.44/lib/chef/application.rb:235:in `run_chef_client'
/opt/chef/embedded/lib/ruby/gems/2.3.0/gems/chef-12.17.44/lib/chef/application/client.rb:464:in `sleep_then_run_chef_client'
/opt/chef/embedded/lib/ruby/gems/2.3.0/gems/chef-12.17.44/lib/chef/application/client.rb:451:in `block in interval_run_chef_client'
/opt/chef/embedded/lib/ruby/gems/2.3.0/gems/chef-12.17.44/lib/chef/application/client.rb:450:in `loop'
/opt/chef/embedded/lib/ruby/gems/2.3.0/gems/chef-12.17.44/lib/chef/application/client.rb:450:in `interval_run_chef_client'
/opt/chef/embedded/lib/ruby/gems/2.3.0/gems/chef-12.17.44/lib/chef/application/client.rb:434:in `run_application'
/opt/chef/embedded/lib/ruby/gems/2.3.0/gems/chef-12.17.44/lib/chef/application.rb:59:in `run'
/opt/chef/embedded/lib/ruby/gems/2.3.0/gems/chef-12.17.44/lib/chef/application/solo.rb:226:in `run'
/opt/chef/embedded/lib/ruby/gems/2.3.0/gems/chef-12.17.44/bin/chef-solo:25:in `<top (required)>'
/usr/bin/chef-solo:57:in `load'
/usr/bin/chef-solo:57:in `<main>'