Generated at 2017-01-18 03:15:13 -0800
SystemExit: exit
/opt/chef/embedded/lib/ruby/gems/2.3.0/gems/chef-12.17.44/lib/chef/application.rb:367:in `exit'
/opt/chef/embedded/lib/ruby/gems/2.3.0/gems/chef-12.17.44/lib/chef/application.rb:367:in `fatal!'
/opt/chef/embedded/lib/ruby/gems/2.3.0/gems/chef-12.17.44/lib/chef/application.rb:64:in `block in setup_signal_handlers'
/opt/chef/embedded/lib/ruby/gems/2.3.0/gems/mixlib-shellout-2.2.7/lib/mixlib/shellout/unix.rb:275:in `select'
/opt/chef/embedded/lib/ruby/gems/2.3.0/gems/mixlib-shellout-2.2.7/lib/mixlib/shellout/unix.rb:275:in `attempt_buffer_read'
/opt/chef/embedded/lib/ruby/gems/2.3.0/gems/mixlib-shellout-2.2.7/lib/mixlib/shellout/unix.rb:115:in `run_command'
/opt/chef/embedded/lib/ruby/gems/2.3.0/gems/mixlib-shellout-2.2.7/lib/mixlib/shellout.rb:259:in `run_command'
/opt/chef/embedded/lib/ruby/gems/2.3.0/gems/ohai-8.22.0/lib/ohai/mixin/command.rb:38:in `shell_out'
/opt/chef/embedded/lib/ruby/gems/2.3.0/gems/ohai-8.22.0/lib/ohai/plugins/vmware.rb:39:in `from_cmd'
/opt/chef/embedded/lib/ruby/gems/2.3.0/gems/ohai-8.22.0/lib/ohai/plugins/vmware.rb:53:in `block in get_vm_attributes'
/opt/chef/embedded/lib/ruby/gems/2.3.0/gems/ohai-8.22.0/lib/ohai/plugins/vmware.rb:52:in `each'
/opt/chef/embedded/lib/ruby/gems/2.3.0/gems/ohai-8.22.0/lib/ohai/plugins/vmware.rb:52:in `get_vm_attributes'
/opt/chef/embedded/lib/ruby/gems/2.3.0/gems/ohai-8.22.0/lib/ohai/plugins/vmware.rb:71:in `block (2 levels) in <main>'
/opt/chef/embedded/lib/ruby/gems/2.3.0/gems/ohai-8.22.0/lib/ohai/dsl/plugin/versionvii.rb:88:in `instance_eval'
/opt/chef/embedded/lib/ruby/gems/2.3.0/gems/ohai-8.22.0/lib/ohai/dsl/plugin/versionvii.rb:88:in `run_plugin'
/opt/chef/embedded/lib/ruby/gems/2.3.0/gems/ohai-8.22.0/lib/ohai/dsl/plugin.rb:100:in `run'
/opt/chef/embedded/lib/ruby/gems/2.3.0/gems/ohai-8.22.0/lib/ohai/dsl/plugin.rb:184:in `safe_run'
/opt/chef/embedded/lib/ruby/gems/2.3.0/gems/ohai-8.22.0/lib/ohai/runner.rb:84:in `run_v7_plugin'
/opt/chef/embedded/lib/ruby/gems/2.3.0/gems/ohai-8.22.0/lib/ohai/runner.rb:43:in `run_plugin'
/opt/chef/embedded/lib/ruby/gems/2.3.0/gems/ohai-8.22.0/lib/ohai/system.rb:98:in `block in run_plugins'
/opt/chef/embedded/lib/ruby/gems/2.3.0/gems/ohai-8.22.0/lib/ohai/system.rb:97:in `each'
/opt/chef/embedded/lib/ruby/gems/2.3.0/gems/ohai-8.22.0/lib/ohai/system.rb:97:in `run_plugins'
/opt/chef/embedded/lib/ruby/gems/2.3.0/gems/ohai-8.22.0/lib/ohai/system.rb:75:in `all_plugins'
/opt/chef/embedded/lib/ruby/gems/2.3.0/gems/chef-12.17.44/lib/chef/client.rb:561:in `run_ohai'
/opt/chef/embedded/lib/ruby/gems/2.3.0/gems/chef-12.17.44/lib/chef/client.rb:265:in `run'
/opt/chef/embedded/lib/ruby/gems/2.3.0/gems/chef-12.17.44/lib/chef/application.rb:294:in `block in fork_chef_client'
/opt/chef/embedded/lib/ruby/gems/2.3.0/gems/chef-12.17.44/lib/chef/application.rb:282:in `fork'
/opt/chef/embedded/lib/ruby/gems/2.3.0/gems/chef-12.17.44/lib/chef/application.rb:282:in `fork_chef_client'
/opt/chef/embedded/lib/ruby/gems/2.3.0/gems/chef-12.17.44/lib/chef/application.rb:247:in `block in run_chef_client'
/opt/chef/embedded/lib/ruby/gems/2.3.0/gems/chef-12.17.44/lib/chef/local_mode.rb:44:in `with_server_connectivity'
/opt/chef/embedded/lib/ruby/gems/2.3.0/gems/chef-12.17.44/lib/chef/application.rb:235:in `run_chef_client'
/opt/chef/embedded/lib/ruby/gems/2.3.0/gems/chef-12.17.44/lib/chef/application/client.rb:464:in `sleep_then_run_chef_client'
/opt/chef/embedded/lib/ruby/gems/2.3.0/gems/chef-12.17.44/lib/chef/application/client.rb:451:in `block in interval_run_chef_client'
/opt/chef/embedded/lib/ruby/gems/2.3.0/gems/chef-12.17.44/lib/chef/application/client.rb:450:in `loop'
/opt/chef/embedded/lib/ruby/gems/2.3.0/gems/chef-12.17.44/lib/chef/application/client.rb:450:in `interval_run_chef_client'
/opt/chef/embedded/lib/ruby/gems/2.3.0/gems/chef-12.17.44/lib/chef/application/client.rb:434:in `run_application'
/opt/chef/embedded/lib/ruby/gems/2.3.0/gems/chef-12.17.44/lib/chef/application.rb:59:in `run'
/opt/chef/embedded/lib/ruby/gems/2.3.0/gems/chef-12.17.44/lib/chef/application/solo.rb:226:in `run'
/opt/chef/embedded/lib/ruby/gems/2.3.0/gems/chef-12.17.44/bin/chef-solo:25:in `<top (required)>'
/usr/bin/chef-solo:57:in `load'
/usr/bin/chef-solo:57:in `<main>'